<?xml version="1.0" encoding="UTF-8"?>
<!-- Generated by org.testng.reporters.JUnitXMLReporter -->
<testsuite ignored="6" hostname="GWTN156-9" failures="0" tests="4" name="Test Verify" time="13.471" errors="0" timestamp="2023-12-13T21:17:06 MST">
  <testcase classname="tests_michroTech.HomePageVerification" name="homePageVerification" time="0.735"/>
  <testcase classname="tests_michroTech.Test_Create_Order" name="test_Create_Order" time="7.664"/>
  <testcase classname="tests_michroTech.Test_Employee_Login" name="test_Employee_Login" time="2.502"/>
  <testcase classname="tests_michroTech.Test_Customer_Login" name="test_Customer_Login" time="2.533"/>
  <testcase classname="base.Base" name="@AfterSuite Close_All" time="0.0">
    <ignored/>
  </testcase> <!-- @AfterSuite Close_All -->
  <testcase classname="base.Base" name="@AfterSuite Close_All" time="0.0">
    <ignored/>
  </testcase> <!-- @AfterSuite Close_All -->
  <testcase classname="base.Base" name="@AfterSuite Close_All" time="0.0">
    <ignored/>
  </testcase> <!-- @AfterSuite Close_All -->
  <testcase classname="base.Base" name="@BeforeSuite startUp" time="0.0">
    <ignored/>
  </testcase> <!-- @BeforeSuite startUp -->
  <testcase classname="base.Base" name="@BeforeSuite startUp" time="0.0">
    <ignored/>
  </testcase> <!-- @BeforeSuite startUp -->
  <testcase classname="base.Base" name="@BeforeSuite startUp" time="0.0">
    <ignored/>
  </testcase> <!-- @BeforeSuite startUp -->
</testsuite> <!-- Test Verify -->
