<?xml version="1.0" encoding="UTF-8"?>
<!-- Generated by org.testng.reporters.JUnitXMLReporter -->
<testsuite ignored="6" hostname="GWTN156-9" failures="3" tests="4" name="Test" time="3.284" errors="0" timestamp="2023-12-13T09:40:28 MST">
  <testcase classname="tests_michroTech.Test_Create_Order" name="test_Create_Order" time="0.022">
    <failure type="com.microsoft.playwright.PlaywrightException" message="Error {
  message=&amp;apos;net::ERR_ABORTED at https://it.microtechlimited.com/
=========================== logs ===========================
navigating to &amp;quot;https://it.microtechlimited.com/&amp;quot;, waiting until &amp;quot;load&amp;quot;
============================================================
  name=&amp;apos;Error
  stack=&amp;apos;Error: net::ERR_ABORTED at https://it.microtechlimited.com/
=========================== logs ===========================
navigating to &amp;quot;https://it.microtechlimited.com/&amp;quot;, waiting until &amp;quot;load&amp;quot;
============================================================
    at FrameSession._navigate (C:\Users\mahfo\AppData\Local\Temp\playwright-java-2535856603368293870\package\lib\server\chromium\crPage.js:506:35)
    at runNextTicks (node:internal/process/task_queues:60:5)
    at process.processImmediate (node:internal/timers:447:9)
    at async Frame._gotoAction (C:\Users\mahfo\AppData\Local\Temp\playwright-java-2535856603368293870\package\lib\server\frames.js:534:28)
}">
      <![CDATA[com.microsoft.playwright.PlaywrightException: Error {
  message='net::ERR_ABORTED at https://it.microtechlimited.com/
=========================== logs ===========================
navigating to "https://it.microtechlimited.com/", waiting until "load"
============================================================
  name='Error
  stack='Error: net::ERR_ABORTED at https://it.microtechlimited.com/
=========================== logs ===========================
navigating to "https://it.microtechlimited.com/", waiting until "load"
============================================================
    at FrameSession._navigate (C:\Users\mahfo\AppData\Local\Temp\playwright-java-2535856603368293870\package\lib\server\chromium\crPage.js:506:35)
    at runNextTicks (node:internal/process/task_queues:60:5)
    at process.processImmediate (node:internal/timers:447:9)
    at async Frame._gotoAction (C:\Users\mahfo\AppData\Local\Temp\playwright-java-2535856603368293870\package\lib\server\frames.js:534:28)
}
at com.microsoft.playwright.impl.WaitableResult.get(WaitableResult.java:54)
at com.microsoft.playwright.impl.ChannelOwner.runUntil(ChannelOwner.java:120)
at com.microsoft.playwright.impl.Connection.sendMessage(Connection.java:126)
at com.microsoft.playwright.impl.ChannelOwner.sendMessage(ChannelOwner.java:106)
at com.microsoft.playwright.impl.FrameImpl.navigateImpl(FrameImpl.java:463)
at com.microsoft.playwright.impl.PageImpl.lambda$navigate$45(PageImpl.java:827)
at com.microsoft.playwright.impl.LoggingSupport.withLogging(LoggingSupport.java:47)
at com.microsoft.playwright.impl.ChannelOwner.withLogging(ChannelOwner.java:89)
at com.microsoft.playwright.impl.PageImpl.navigate(PageImpl.java:827)
at com.microsoft.playwright.impl.PageImpl.navigate(PageImpl.java:42)
at com.microsoft.playwright.Page.navigate(Page.java:5282)
at base.Base.navigate(Base.java:49)
at tests_michroTech.Test_Create_Order.test_Create_Order(Test_Create_Order.java:12)
at java.base/java.util.concurrent.ThreadPoolExecutor.runWorker(ThreadPoolExecutor.java:1136)
at java.base/java.util.concurrent.ThreadPoolExecutor$Worker.run(ThreadPoolExecutor.java:635)
at java.base/java.lang.Thread.run(Thread.java:833)
Caused by: com.microsoft.playwright.impl.DriverException: Error {
  message='net::ERR_ABORTED at https://it.microtechlimited.com/
=========================== logs ===========================
navigating to "https://it.microtechlimited.com/", waiting until "load"
============================================================
  name='Error
  stack='Error: net::ERR_ABORTED at https://it.microtechlimited.com/
=========================== logs ===========================
navigating to "https://it.microtechlimited.com/", waiting until "load"
============================================================
    at FrameSession._navigate (C:\Users\mahfo\AppData\Local\Temp\playwright-java-2535856603368293870\package\lib\server\chromium\crPage.js:506:35)
    at runNextTicks (node:internal/process/task_queues:60:5)
    at process.processImmediate (node:internal/timers:447:9)
    at async Frame._gotoAction (C:\Users\mahfo\AppData\Local\Temp\playwright-java-2535856603368293870\package\lib\server\frames.js:534:28)
}
at com.microsoft.playwright.impl.Connection.dispatch(Connection.java:226)
at com.microsoft.playwright.impl.Connection.processOneMessage(Connection.java:206)
at com.microsoft.playwright.impl.ChannelOwner.runUntil(ChannelOwner.java:118)
at com.microsoft.playwright.impl.Connection.sendMessage(Connection.java:126)
at com.microsoft.playwright.impl.ChannelOwner.sendMessage(ChannelOwner.java:106)
at com.microsoft.playwright.impl.FrameImpl.navigateImpl(FrameImpl.java:463)
at com.microsoft.playwright.impl.PageImpl.lambda$navigate$45(PageImpl.java:827)
at com.microsoft.playwright.impl.LoggingSupport.withLogging(LoggingSupport.java:47)
at com.microsoft.playwright.impl.ChannelOwner.withLogging(ChannelOwner.java:89)
at com.microsoft.playwright.impl.PageImpl.navigate(PageImpl.java:827)
at com.microsoft.playwright.impl.PageImpl.navigate(PageImpl.java:42)
at com.microsoft.playwright.Page.navigate(Page.java:5282)
at base.Base.navigate(Base.java:49)
at tests_michroTech.HomePageVerification.homePageVerification(HomePageVerification.java:12)
... 15 more
... Removed 12 stack frames]]>
    </failure>
  </testcase> <!-- test_Create_Order -->
  <testcase classname="tests_michroTech.Test_Employee_Login" name="test_Employee_Login" time="0.025">
    <failure type="com.microsoft.playwright.PlaywrightException" message="Error {
  message=&amp;apos;net::ERR_ABORTED at https://it.microtechlimited.com/
=========================== logs ===========================
navigating to &amp;quot;https://it.microtechlimited.com/&amp;quot;, waiting until &amp;quot;load&amp;quot;
============================================================
  name=&amp;apos;Error
  stack=&amp;apos;Error: net::ERR_ABORTED at https://it.microtechlimited.com/
=========================== logs ===========================
navigating to &amp;quot;https://it.microtechlimited.com/&amp;quot;, waiting until &amp;quot;load&amp;quot;
============================================================
    at FrameSession._navigate (C:\Users\mahfo\AppData\Local\Temp\playwright-java-2535856603368293870\package\lib\server\chromium\crPage.js:506:35)
    at runNextTicks (node:internal/process/task_queues:60:5)
    at process.processImmediate (node:internal/timers:447:9)
    at async Frame._gotoAction (C:\Users\mahfo\AppData\Local\Temp\playwright-java-2535856603368293870\package\lib\server\frames.js:534:28)
}">
      <![CDATA[com.microsoft.playwright.PlaywrightException: Error {
  message='net::ERR_ABORTED at https://it.microtechlimited.com/
=========================== logs ===========================
navigating to "https://it.microtechlimited.com/", waiting until "load"
============================================================
  name='Error
  stack='Error: net::ERR_ABORTED at https://it.microtechlimited.com/
=========================== logs ===========================
navigating to "https://it.microtechlimited.com/", waiting until "load"
============================================================
    at FrameSession._navigate (C:\Users\mahfo\AppData\Local\Temp\playwright-java-2535856603368293870\package\lib\server\chromium\crPage.js:506:35)
    at runNextTicks (node:internal/process/task_queues:60:5)
    at process.processImmediate (node:internal/timers:447:9)
    at async Frame._gotoAction (C:\Users\mahfo\AppData\Local\Temp\playwright-java-2535856603368293870\package\lib\server\frames.js:534:28)
}
at com.microsoft.playwright.impl.WaitableResult.get(WaitableResult.java:54)
at com.microsoft.playwright.impl.ChannelOwner.runUntil(ChannelOwner.java:120)
at com.microsoft.playwright.impl.Connection.sendMessage(Connection.java:126)
at com.microsoft.playwright.impl.ChannelOwner.sendMessage(ChannelOwner.java:106)
at com.microsoft.playwright.impl.FrameImpl.navigateImpl(FrameImpl.java:463)
at com.microsoft.playwright.impl.PageImpl.lambda$navigate$45(PageImpl.java:827)
at com.microsoft.playwright.impl.LoggingSupport.withLogging(LoggingSupport.java:47)
at com.microsoft.playwright.impl.ChannelOwner.withLogging(ChannelOwner.java:89)
at com.microsoft.playwright.impl.PageImpl.navigate(PageImpl.java:827)
at com.microsoft.playwright.impl.PageImpl.navigate(PageImpl.java:42)
at com.microsoft.playwright.Page.navigate(Page.java:5282)
at base.Base.navigate(Base.java:49)
at tests_michroTech.Test_Employee_Login.test_Employee_Login(Test_Employee_Login.java:13)
at java.base/java.util.concurrent.ThreadPoolExecutor.runWorker(ThreadPoolExecutor.java:1136)
at java.base/java.util.concurrent.ThreadPoolExecutor$Worker.run(ThreadPoolExecutor.java:635)
at java.base/java.lang.Thread.run(Thread.java:833)
Caused by: com.microsoft.playwright.impl.DriverException: Error {
  message='net::ERR_ABORTED at https://it.microtechlimited.com/
=========================== logs ===========================
navigating to "https://it.microtechlimited.com/", waiting until "load"
============================================================
  name='Error
  stack='Error: net::ERR_ABORTED at https://it.microtechlimited.com/
=========================== logs ===========================
navigating to "https://it.microtechlimited.com/", waiting until "load"
============================================================
    at FrameSession._navigate (C:\Users\mahfo\AppData\Local\Temp\playwright-java-2535856603368293870\package\lib\server\chromium\crPage.js:506:35)
    at runNextTicks (node:internal/process/task_queues:60:5)
    at process.processImmediate (node:internal/timers:447:9)
    at async Frame._gotoAction (C:\Users\mahfo\AppData\Local\Temp\playwright-java-2535856603368293870\package\lib\server\frames.js:534:28)
}
at com.microsoft.playwright.impl.Connection.dispatch(Connection.java:226)
at com.microsoft.playwright.impl.Connection.processOneMessage(Connection.java:206)
at com.microsoft.playwright.impl.ChannelOwner.runUntil(ChannelOwner.java:118)
at com.microsoft.playwright.impl.Connection.sendMessage(Connection.java:126)
at com.microsoft.playwright.impl.ChannelOwner.sendMessage(ChannelOwner.java:106)
at com.microsoft.playwright.impl.FrameImpl.navigateImpl(FrameImpl.java:463)
at com.microsoft.playwright.impl.PageImpl.lambda$navigate$45(PageImpl.java:827)
at com.microsoft.playwright.impl.LoggingSupport.withLogging(LoggingSupport.java:47)
at com.microsoft.playwright.impl.ChannelOwner.withLogging(ChannelOwner.java:89)
at com.microsoft.playwright.impl.PageImpl.navigate(PageImpl.java:827)
at com.microsoft.playwright.impl.PageImpl.navigate(PageImpl.java:42)
at com.microsoft.playwright.Page.navigate(Page.java:5282)
at base.Base.navigate(Base.java:49)
at tests_michroTech.Test_Customer_Login.test_Customer_Login(Test_Customer_Login.java:12)
... 15 more
... Removed 12 stack frames]]>
    </failure>
  </testcase> <!-- test_Employee_Login -->
  <testcase classname="tests_michroTech.HomePageVerification" name="homePageVerification" time="0.026">
    <failure type="com.microsoft.playwright.PlaywrightException" message="Error {
  message=&amp;apos;net::ERR_ABORTED at https://it.microtechlimited.com/
=========================== logs ===========================
navigating to &amp;quot;https://it.microtechlimited.com/&amp;quot;, waiting until &amp;quot;load&amp;quot;
============================================================
  name=&amp;apos;Error
  stack=&amp;apos;Error: net::ERR_ABORTED at https://it.microtechlimited.com/
=========================== logs ===========================
navigating to &amp;quot;https://it.microtechlimited.com/&amp;quot;, waiting until &amp;quot;load&amp;quot;
============================================================
    at FrameSession._navigate (C:\Users\mahfo\AppData\Local\Temp\playwright-java-2535856603368293870\package\lib\server\chromium\crPage.js:506:35)
    at runNextTicks (node:internal/process/task_queues:60:5)
    at process.processImmediate (node:internal/timers:447:9)
    at async Frame._gotoAction (C:\Users\mahfo\AppData\Local\Temp\playwright-java-2535856603368293870\package\lib\server\frames.js:534:28)
}">
      <![CDATA[com.microsoft.playwright.PlaywrightException: Error {
  message='net::ERR_ABORTED at https://it.microtechlimited.com/
=========================== logs ===========================
navigating to "https://it.microtechlimited.com/", waiting until "load"
============================================================
  name='Error
  stack='Error: net::ERR_ABORTED at https://it.microtechlimited.com/
=========================== logs ===========================
navigating to "https://it.microtechlimited.com/", waiting until "load"
============================================================
    at FrameSession._navigate (C:\Users\mahfo\AppData\Local\Temp\playwright-java-2535856603368293870\package\lib\server\chromium\crPage.js:506:35)
    at runNextTicks (node:internal/process/task_queues:60:5)
    at process.processImmediate (node:internal/timers:447:9)
    at async Frame._gotoAction (C:\Users\mahfo\AppData\Local\Temp\playwright-java-2535856603368293870\package\lib\server\frames.js:534:28)
}
at com.microsoft.playwright.impl.WaitableResult.get(WaitableResult.java:54)
at com.microsoft.playwright.impl.ChannelOwner.runUntil(ChannelOwner.java:120)
at com.microsoft.playwright.impl.Connection.sendMessage(Connection.java:126)
at com.microsoft.playwright.impl.ChannelOwner.sendMessage(ChannelOwner.java:106)
at com.microsoft.playwright.impl.FrameImpl.navigateImpl(FrameImpl.java:463)
at com.microsoft.playwright.impl.PageImpl.lambda$navigate$45(PageImpl.java:827)
at com.microsoft.playwright.impl.LoggingSupport.withLogging(LoggingSupport.java:47)
at com.microsoft.playwright.impl.ChannelOwner.withLogging(ChannelOwner.java:89)
at com.microsoft.playwright.impl.PageImpl.navigate(PageImpl.java:827)
at com.microsoft.playwright.impl.PageImpl.navigate(PageImpl.java:42)
at com.microsoft.playwright.Page.navigate(Page.java:5282)
at base.Base.navigate(Base.java:49)
at tests_michroTech.HomePageVerification.homePageVerification(HomePageVerification.java:12)
at java.base/java.util.concurrent.ThreadPoolExecutor.runWorker(ThreadPoolExecutor.java:1136)
at java.base/java.util.concurrent.ThreadPoolExecutor$Worker.run(ThreadPoolExecutor.java:635)
at java.base/java.lang.Thread.run(Thread.java:833)
Caused by: com.microsoft.playwright.impl.DriverException: Error {
  message='net::ERR_ABORTED at https://it.microtechlimited.com/
=========================== logs ===========================
navigating to "https://it.microtechlimited.com/", waiting until "load"
============================================================
  name='Error
  stack='Error: net::ERR_ABORTED at https://it.microtechlimited.com/
=========================== logs ===========================
navigating to "https://it.microtechlimited.com/", waiting until "load"
============================================================
    at FrameSession._navigate (C:\Users\mahfo\AppData\Local\Temp\playwright-java-2535856603368293870\package\lib\server\chromium\crPage.js:506:35)
    at runNextTicks (node:internal/process/task_queues:60:5)
    at process.processImmediate (node:internal/timers:447:9)
    at async Frame._gotoAction (C:\Users\mahfo\AppData\Local\Temp\playwright-java-2535856603368293870\package\lib\server\frames.js:534:28)
}
at com.microsoft.playwright.impl.Connection.dispatch(Connection.java:226)
at com.microsoft.playwright.impl.Connection.processOneMessage(Connection.java:206)
at com.microsoft.playwright.impl.ChannelOwner.runUntil(ChannelOwner.java:118)
... 26 more
... Removed 12 stack frames]]>
    </failure>
  </testcase> <!-- homePageVerification -->
  <testcase classname="tests_michroTech.Test_Customer_Login" name="test_Customer_Login" time="3.255"/>
  <testcase classname="base.Base" name="@AfterSuite Close_All" time="0.0">
    <ignored/>
  </testcase> <!-- @AfterSuite Close_All -->
  <testcase classname="base.Base" name="@AfterSuite Close_All" time="0.0">
    <ignored/>
  </testcase> <!-- @AfterSuite Close_All -->
  <testcase classname="base.Base" name="@AfterSuite Close_All" time="0.0">
    <ignored/>
  </testcase> <!-- @AfterSuite Close_All -->
  <testcase classname="base.Base" name="@BeforeSuite startUp" time="0.0">
    <ignored/>
  </testcase> <!-- @BeforeSuite startUp -->
  <testcase classname="base.Base" name="@BeforeSuite startUp" time="0.0">
    <ignored/>
  </testcase> <!-- @BeforeSuite startUp -->
  <testcase classname="base.Base" name="@BeforeSuite startUp" time="0.0">
    <ignored/>
  </testcase> <!-- @BeforeSuite startUp -->
</testsuite> <!-- Test -->
